2025-04-23 02:04:57,919 - AlwaysOn - INFO - ================================================================================
2025-04-23 02:04:57,919 - AlwaysOn - INFO - ЗАПУСК В РЕЖИМЕ ALWAYS-ON
2025-04-23 02:04:57,919 - AlwaysOn - INFO - ================================================================================
2025-04-23 02:04:57,919 - AlwaysOn - INFO - Запуск веб-сервера Flask...
2025-04-23 02:04:57,920 - AlwaysOn - INFO - Команда: gunicorn --bind 0.0.0.0:5000 --workers 2 main:app
2025-04-23 02:04:57,920 - AlwaysOn - INFO - Веб-сервер запущен с PID: 857
2025-04-23 02:04:57,921 - AlwaysOn - INFO - Запуск Telegram бота...
2025-04-23 02:04:57,921 - AlwaysOn - INFO - Команда: python run_telegram_bot.py
2025-04-23 02:04:57,922 - AlwaysOn - INFO - Telegram бот запущен с PID: 864
2025-04-23 02:04:57,923 - AlwaysOn - INFO - Система успешно запущена в режиме Always-On!
2025-04-23 02:04:57,924 - AlwaysOn - INFO - Для работы в режиме постоянной работы (даже при закрытии браузера):
2025-04-23 02:04:57,924 - AlwaysOn - INFO - 1. Выполните деплой проекта через кнопку 'Deploy' в интерфейсе Replit
2025-04-23 02:04:57,924 - AlwaysOn - INFO - 2. Настройте 'Always On' в разделе 'Deployment' настроек проекта
2025-04-23 02:04:58,065 - AlwaysOn - INFO - [BOT] 2025-04-23 02:04:58,065 - __main__ - INFO - === ЗАПУСК TELEGRAM БОТА ===
2025-04-23 02:04:58,066 - AlwaysOn - INFO - [BOT] 2025-04-23 02:04:58,065 - __main__ - INFO - Логи сохраняются в файл: logs/telegram_bot_20250423_020458.log
2025-04-23 02:04:58,067 - AlwaysOn - INFO - [BOT] 2025-04-23 02:04:58,065 - __main__ - INFO - Текущее системное время: 2025-04-23 02:04:58
2025-04-23 02:05:01,962 - AlwaysOn - INFO - [BOT] 2025-04-23 02:05:01,962 - __main__ - INFO - Запуск основной функции Telegram бота...
2025-04-23 02:05:01,975 - AlwaysOn - INFO - [BOT] 2025-04-23 02:05:01,975 - __main__ - INFO - Московское время (из функции): 2025-04-23 05:05:01
2025-04-23 02:05:01,975 - AlwaysOn - INFO - [BOT] 2025-04-23 02:05:01,975 - __main__ - INFO - UTC: 2025-04-23 02:05:01
2025-04-23 02:05:01,976 - AlwaysOn - INFO - [BOT] 2025-04-23 02:05:01,975 - __main__ - INFO - Москва (расчет): 2025-04-23 05:05:01
2025-04-23 02:05:02,171 - AlwaysOn - INFO - [BOT] 2025-04-23 02:05:02,171 - bot - INFO - Scheduled send times (Moscow): 08:00, 12:00, 16:00, 20:00
2025-04-23 02:05:02,171 - AlwaysOn - INFO - [BOT] 2025-04-23 02:05:02,171 - bot - INFO - Send time 1: 08:00 - hour=8, minute=0
2025-04-23 02:05:02,172 - AlwaysOn - INFO - [BOT] 2025-04-23 02:05:02,171 - bot - INFO - Send time 2: 12:00 - hour=12, minute=0
2025-04-23 02:05:02,172 - AlwaysOn - INFO - [BOT] 2025-04-23 02:05:02,171 - bot - INFO - Send time 3: 16:00 - hour=16, minute=0
2025-04-23 02:05:02,172 - AlwaysOn - INFO - [BOT] 2025-04-23 02:05:02,172 - bot - INFO - Send time 4: 20:00 - hour=20, minute=0
2025-04-23 02:05:02,214 - AlwaysOn - INFO - [BOT] 2025-04-23 02:05:02,214 - __main__ - INFO - Настроенные времена рассылки: 08:00, 12:00, 16:00, 20:00
2025-04-23 02:05:02,216 - AlwaysOn - INFO - [BOT] 2025-04-23 02:05:02,216 - bot - INFO - Scheduler check - current Moscow time: 05:05:02
2025-04-23 02:05:02,393 - AlwaysOn - INFO - [BOT] 2025-04-23 02:05:02,393 - bot - INFO - Scheduled send times (Moscow): 08:00, 12:00, 16:00, 20:00
2025-04-23 02:05:02,394 - AlwaysOn - INFO - [BOT] 2025-04-23 02:05:02,393 - bot - INFO - Send time 1: 08:00 - hour=8, minute=0
2025-04-23 02:05:02,394 - AlwaysOn - INFO - [BOT] 2025-04-23 02:05:02,393 - bot - INFO - Send time 2: 12:00 - hour=12, minute=0
2025-04-23 02:05:02,394 - AlwaysOn - INFO - [BOT] 2025-04-23 02:05:02,393 - bot - INFO - Send time 3: 16:00 - hour=16, minute=0
2025-04-23 02:05:02,394 - AlwaysOn - INFO - [BOT] 2025-04-23 02:05:02,394 - bot - INFO - Send time 4: 20:00 - hour=20, minute=0
2025-04-23 02:05:02,437 - AlwaysOn - INFO - [BOT] 2025-04-23 02:05:02,436 - bot - INFO - === SCHEDULER INITIALIZED ===
2025-04-23 02:05:02,437 - AlwaysOn - INFO - [BOT] 2025-04-23 02:05:02,437 - bot - INFO - Current Moscow time: 2025-04-23 05:05:02
2025-04-23 02:05:02,437 - AlwaysOn - INFO - [BOT] 2025-04-23 02:05:02,437 - bot - INFO - Configured send times: 08:00, 12:00, 16:00, 20:00
2025-04-23 02:05:02,437 - AlwaysOn - INFO - [BOT] 2025-04-23 02:05:02,437 - bot - INFO - Next check will be at xx:xx:00 (checking every minute)
2025-04-23 02:05:02,438 - AlwaysOn - INFO - [BOT] 2025-04-23 02:05:02,437 - bot - INFO - ===============================
2025-04-23 02:05:02,438 - AlwaysOn - INFO - [BOT] 2025-04-23 02:05:02,438 - bot - INFO - Current Moscow time: 2025-04-23 05:05:02, Send times: 08:00, 12:00, 16:00, 20:00
2025-04-23 02:05:02,800 - AlwaysOn - INFO - [BOT] 2025-04-23 02:05:02,800 - bot - INFO - Bot commands have been set successfully
2025-04-23 02:05:02,810 - AlwaysOn - INFO - [BOT] 2025-04-23 02:05:02,802 - aiogram.dispatcher - INFO - Start polling
2025-04-23 02:54:02,618 - AlwaysOn - INFO - ================================================================================
2025-04-23 02:54:02,619 - AlwaysOn - INFO - ЗАПУСК В РЕЖИМЕ ALWAYS-ON
2025-04-23 02:54:02,619 - AlwaysOn - INFO - ================================================================================
2025-04-23 02:54:02,620 - AlwaysOn - INFO - Запуск веб-сервера Flask...
2025-04-23 02:54:02,620 - AlwaysOn - INFO - Команда: gunicorn --bind 0.0.0.0:5000 --workers 2 main:app
2025-04-23 02:54:02,621 - AlwaysOn - INFO - Веб-сервер запущен с PID: 860
2025-04-23 02:54:02,621 - AlwaysOn - INFO - Запуск Telegram бота...
2025-04-23 02:54:02,621 - AlwaysOn - INFO - Команда: python run_telegram_bot.py
2025-04-23 02:54:02,622 - AlwaysOn - INFO - Telegram бот запущен с PID: 866
2025-04-23 02:54:02,623 - AlwaysOn - INFO - Система успешно запущена в режиме Always-On!
2025-04-23 02:54:02,623 - AlwaysOn - INFO - Для работы в режиме постоянной работы (даже при закрытии браузера):
2025-04-23 02:54:02,623 - AlwaysOn - INFO - 1. Выполните деплой проекта через кнопку 'Deploy' в интерфейсе Replit
2025-04-23 02:54:02,623 - AlwaysOn - INFO - 2. Настройте 'Always On' в разделе 'Deployment' настроек проекта
2025-04-23 02:54:02,756 - AlwaysOn - INFO - [BOT] 2025-04-23 02:54:02,756 - __main__ - INFO - === ЗАПУСК TELEGRAM БОТА ===
2025-04-23 02:54:02,756 - AlwaysOn - INFO - [BOT] 2025-04-23 02:54:02,756 - __main__ - INFO - Логи сохраняются в файл: logs/telegram_bot_20250423_025402.log
2025-04-23 02:54:02,756 - AlwaysOn - INFO - [BOT] 2025-04-23 02:54:02,756 - __main__ - INFO - Текущее системное время: 2025-04-23 02:54:02
2025-04-23 02:54:06,729 - AlwaysOn - INFO - [BOT] 2025-04-23 02:54:06,729 - __main__ - INFO - Запуск основной функции Telegram бота...
2025-04-23 02:54:06,756 - AlwaysOn - INFO - [BOT] 2025-04-23 02:54:06,756 - __main__ - INFO - Московское время (из функции): 2025-04-23 05:54:06
2025-04-23 02:54:06,757 - AlwaysOn - INFO - [BOT] 2025-04-23 02:54:06,756 - __main__ - INFO - UTC: 2025-04-23 02:54:06
2025-04-23 02:54:06,758 - AlwaysOn - INFO - [BOT] 2025-04-23 02:54:06,756 - __main__ - INFO - Москва (расчет): 2025-04-23 05:54:06
2025-04-23 02:54:06,913 - AlwaysOn - INFO - [BOT] 2025-04-23 02:54:06,913 - bot - INFO - Scheduled send times (Moscow): 08:00, 12:00, 16:00, 20:00
2025-04-23 02:54:06,913 - AlwaysOn - INFO - [BOT] 2025-04-23 02:54:06,913 - bot - INFO - Send time 1: 08:00 - hour=8, minute=0
2025-04-23 02:54:06,914 - AlwaysOn - INFO - [BOT] 2025-04-23 02:54:06,913 - bot - INFO - Send time 2: 12:00 - hour=12, minute=0
2025-04-23 02:54:06,914 - AlwaysOn - INFO - [BOT] 2025-04-23 02:54:06,914 - bot - INFO - Send time 3: 16:00 - hour=16, minute=0
2025-04-23 02:54:06,914 - AlwaysOn - INFO - [BOT] 2025-04-23 02:54:06,914 - bot - INFO - Send time 4: 20:00 - hour=20, minute=0
2025-04-23 02:54:06,952 - AlwaysOn - INFO - [BOT] 2025-04-23 02:54:06,952 - __main__ - INFO - Настроенные времена рассылки: 08:00, 12:00, 16:00, 20:00
2025-04-23 02:54:06,954 - AlwaysOn - INFO - [BOT] 2025-04-23 02:54:06,954 - bot - INFO - Scheduler check - current Moscow time: 05:54:06
2025-04-23 02:54:07,110 - AlwaysOn - INFO - [BOT] 2025-04-23 02:54:07,110 - bot - INFO - Scheduled send times (Moscow): 08:00, 12:00, 16:00, 20:00
2025-04-23 02:54:07,110 - AlwaysOn - INFO - [BOT] 2025-04-23 02:54:07,110 - bot - INFO - Send time 1: 08:00 - hour=8, minute=0
2025-04-23 02:54:07,110 - AlwaysOn - INFO - [BOT] 2025-04-23 02:54:07,110 - bot - INFO - Send time 2: 12:00 - hour=12, minute=0
2025-04-23 02:54:07,111 - AlwaysOn - INFO - [BOT] 2025-04-23 02:54:07,111 - bot - INFO - Send time 3: 16:00 - hour=16, minute=0
2025-04-23 02:54:07,111 - AlwaysOn - INFO - [BOT] 2025-04-23 02:54:07,111 - bot - INFO - Send time 4: 20:00 - hour=20, minute=0
2025-04-23 02:54:07,150 - AlwaysOn - INFO - [BOT] 2025-04-23 02:54:07,150 - bot - INFO - === SCHEDULER INITIALIZED ===
2025-04-23 02:54:07,150 - AlwaysOn - INFO - [BOT] 2025-04-23 02:54:07,150 - bot - INFO - Current Moscow time: 2025-04-23 05:54:06
2025-04-23 02:54:07,150 - AlwaysOn - INFO - [BOT] 2025-04-23 02:54:07,150 - bot - INFO - Configured send times: 08:00, 12:00, 16:00, 20:00
2025-04-23 02:54:07,150 - AlwaysOn - INFO - [BOT] 2025-04-23 02:54:07,150 - bot - INFO - Next check will be at xx:xx:00 (checking every minute)
2025-04-23 02:54:07,150 - AlwaysOn - INFO - [BOT] 2025-04-23 02:54:07,150 - bot - INFO - ===============================
2025-04-23 02:54:07,506 - AlwaysOn - INFO - [BOT] 2025-04-23 02:54:07,506 - bot - INFO - Bot commands have been set successfully
2025-04-23 02:54:07,507 - AlwaysOn - INFO - [BOT] 2025-04-23 02:54:07,507 - aiogram.dispatcher - INFO - Start polling
2025-04-23 02:54:07,623 - AlwaysOn - INFO - [BOT] 2025-04-23 02:54:07,622 - aiogram.dispatcher - INFO - Run polling for bot @AnapaProBot id=7849996561 - 'Новости Анапа Pro'
2025-04-23 02:54:07,840 - AlwaysOn - ERROR - [WEB] ERROR: [2025-04-23 02:54:02 +0000] [860] [INFO] Starting gunicorn 23.0.0
2025-04-23 02:54:07,840 - AlwaysOn - ERROR - [WEB] ERROR: [2025-04-23 02:54:02 +0000] [860] [ERROR] Connection in use: ('0.0.0.0', 5000)
2025-04-23 02:54:07,840 - AlwaysOn - ERROR - [WEB] ERROR: [2025-04-23 02:54:02 +0000] [860] [ERROR] connection to ('0.0.0.0', 5000) failed: [Errno 98] Address already in use
2025-04-23 02:54:07,840 - AlwaysOn - ERROR - [WEB] ERROR: [2025-04-23 02:54:03 +0000] [860] [ERROR] Connection in use: ('0.0.0.0', 5000)
2025-04-23 02:54:07,841 - AlwaysOn - ERROR - [WEB] ERROR: [2025-04-23 02:54:03 +0000] [860] [ERROR] connection to ('0.0.0.0', 5000) failed: [Errno 98] Address already in use
2025-04-23 02:54:07,841 - AlwaysOn - ERROR - [WEB] ERROR: [2025-04-23 02:54:04 +0000] [860] [ERROR] Connection in use: ('0.0.0.0', 5000)
2025-04-23 02:54:07,841 - AlwaysOn - ERROR - [WEB] ERROR: [2025-04-23 02:54:04 +0000] [860] [ERROR] connection to ('0.0.0.0', 5000) failed: [Errno 98] Address already in use
2025-04-23 02:54:07,841 - AlwaysOn - ERROR - [WEB] ERROR: [2025-04-23 02:54:05 +0000] [860] [ERROR] Connection in use: ('0.0.0.0', 5000)
2025-04-23 02:54:07,841 - AlwaysOn - ERROR - [WEB] ERROR: [2025-04-23 02:54:05 +0000] [860] [ERROR] connection to ('0.0.0.0', 5000) failed: [Errno 98] Address already in use
2025-04-23 02:54:07,841 - AlwaysOn - ERROR - [WEB] ERROR: [2025-04-23 02:54:06 +0000] [860] [ERROR] Connection in use: ('0.0.0.0', 5000)
2025-04-23 02:54:07,841 - AlwaysOn - ERROR - [WEB] ERROR: [2025-04-23 02:54:06 +0000] [860] [ERROR] connection to ('0.0.0.0', 5000) failed: [Errno 98] Address already in use
2025-04-23 02:54:07,841 - AlwaysOn - ERROR - [WEB] ERROR: [2025-04-23 02:54:07 +0000] [860] [ERROR] Can't connect to ('0.0.0.0', 5000)
2025-04-23 02:54:11,860 - AlwaysOn - INFO - [BOT] 2025-04-23 02:54:11,860 - aiogram.dispatcher - ERROR - Failed to fetch updates - TelegramConflictError: Telegram server says - Conflict: terminated by other getUpdates request; make sure that only one bot instance is running
2025-04-23 02:54:11,861 - AlwaysOn - INFO - [BOT] 2025-04-23 02:54:11,861 - aiogram.dispatcher - WARNING - Sleep for 1.000000 seconds and try again... (tryings = 0, bot id = 7849996561)
2025-04-23 02:54:12,623 - AlwaysOn - WARNING - Веб-сервер остановился. Перезапуск...
2025-04-23 02:54:12,623 - AlwaysOn - INFO - Запуск веб-сервера Flask...
2025-04-23 02:54:12,624 - AlwaysOn - INFO - Команда: gunicorn --bind 0.0.0.0:5000 --workers 2 main:app
2025-04-23 02:54:12,624 - AlwaysOn - INFO - Веб-сервер запущен с PID: 889
