2025-04-23 09:03:11,621 - __main__ - INFO - === ЗАПУСК TELEGRAM БОТА ===
2025-04-23 09:03:11,621 - __main__ - INFO - Логи сохраняются в файл: logs/telegram_bot_20250423_090311.log
2025-04-23 09:03:11,621 - __main__ - INFO - Текущее системное время: 2025-04-23 09:03:11
2025-04-23 09:03:17,267 - __main__ - INFO - Запуск основной функции Telegram бота...
2025-04-23 09:03:17,284 - __main__ - INFO - Московское время (из функции): 2025-04-23 12:03:17
2025-04-23 09:03:17,284 - __main__ - INFO - UTC: 2025-04-23 09:03:17
2025-04-23 09:03:17,284 - __main__ - INFO - Москва (расчет): 2025-04-23 12:03:17
2025-04-23 09:03:17,444 - bot - INFO - Scheduled send times (Moscow): 08:00, 12:00, 16:00, 20:00
2025-04-23 09:03:17,444 - bot - INFO - Send time 1: 08:00 - hour=8, minute=0
2025-04-23 09:03:17,445 - bot - INFO - Send time 2: 12:00 - hour=12, minute=0
2025-04-23 09:03:17,445 - bot - INFO - Send time 3: 16:00 - hour=16, minute=0
2025-04-23 09:03:17,445 - bot - INFO - Send time 4: 20:00 - hour=20, minute=0
2025-04-23 09:03:17,484 - __main__ - INFO - Настроенные времена рассылки: 08:00, 12:00, 16:00, 20:00
2025-04-23 09:03:17,485 - __main__ - INFO - ВНИМАНИЕ: Приближается время отправки 12:00, осталось 3 мин.
2025-04-23 09:03:17,487 - bot - INFO - Scheduler check - current Moscow time: 12:03:17
2025-04-23 09:03:17,656 - bot - INFO - Scheduled send times (Moscow): 08:00, 12:00, 16:00, 20:00
2025-04-23 09:03:17,656 - bot - INFO - Send time 1: 08:00 - hour=8, minute=0
2025-04-23 09:03:17,657 - bot - INFO - Send time 2: 12:00 - hour=12, minute=0
2025-04-23 09:03:17,657 - bot - INFO - Send time 3: 16:00 - hour=16, minute=0
2025-04-23 09:03:17,657 - bot - INFO - Send time 4: 20:00 - hour=20, minute=0
2025-04-23 09:03:17,696 - bot - INFO - === SCHEDULER INITIALIZED ===
2025-04-23 09:03:17,696 - bot - INFO - Current Moscow time: 2025-04-23 12:03:17
2025-04-23 09:03:17,696 - bot - INFO - Configured send times: 08:00, 12:00, 16:00, 20:00
2025-04-23 09:03:17,697 - bot - INFO - Next check will be at xx:xx:00 (checking every minute)
2025-04-23 09:03:17,697 - bot - INFO - ===============================
2025-04-23 09:03:17,697 - bot - INFO - Checking time: current=12:3 (723 min), target=12:0 (720 min), diff=3 min
2025-04-23 09:03:17,697 - bot - INFO - Approaching send time: current=12:03, target=12:00, diff=3 minutes
2025-04-23 09:03:17,697 - bot - INFO - !!! Scheduled news delivery triggered at 12:03 MSK time for target 12:00 !!!
2025-04-23 09:03:17,697 - bot - INFO - Current: 12:3, Target: 12:0, Diff: 3 min
2025-04-23 09:03:18,175 - bot - INFO - Fetching news for scheduled delivery
2025-04-23 09:03:23,828 - utils - WARNING - No entries found in feed https://kuban24.tv/rss
2025-04-23 09:03:32,671 - bot - INFO - Sending news to 3 subscribers
2025-04-23 09:03:33,113 - bot - INFO - Bot commands have been set successfully
2025-04-23 09:03:33,114 - aiogram.dispatcher - INFO - Start polling
2025-04-23 09:03:33,236 - aiogram.dispatcher - INFO - Run polling for bot @AnapaProBot id=7849996561 - 'Новости Анапа Pro'
2025-04-23 09:03:33,372 - bot - ERROR - Error sending news to user 502783765: Telegram server says - Bad Request: chat not found
2025-04-23 09:03:41,148 - utils - WARNING - No entries found in feed https://kuban24.tv/rss
