2025-04-23 02:54:02,756 - __main__ - INFO - === ЗАПУСК TELEGRAM БОТА ===
2025-04-23 02:54:02,756 - __main__ - INFO - Логи сохраняются в файл: logs/telegram_bot_20250423_025402.log
2025-04-23 02:54:02,756 - __main__ - INFO - Текущее системное время: 2025-04-23 02:54:02
2025-04-23 02:54:06,729 - __main__ - INFO - Запуск основной функции Telegram бота...
2025-04-23 02:54:06,756 - __main__ - INFO - Московское время (из функции): 2025-04-23 05:54:06
2025-04-23 02:54:06,756 - __main__ - INFO - UTC: 2025-04-23 02:54:06
2025-04-23 02:54:06,756 - __main__ - INFO - Москва (расчет): 2025-04-23 05:54:06
2025-04-23 02:54:06,913 - bot - INFO - Scheduled send times (Moscow): 08:00, 12:00, 16:00, 20:00
2025-04-23 02:54:06,913 - bot - INFO - Send time 1: 08:00 - hour=8, minute=0
2025-04-23 02:54:06,913 - bot - INFO - Send time 2: 12:00 - hour=12, minute=0
2025-04-23 02:54:06,914 - bot - INFO - Send time 3: 16:00 - hour=16, minute=0
2025-04-23 02:54:06,914 - bot - INFO - Send time 4: 20:00 - hour=20, minute=0
2025-04-23 02:54:06,952 - __main__ - INFO - Настроенные времена рассылки: 08:00, 12:00, 16:00, 20:00
2025-04-23 02:54:06,954 - bot - INFO - Scheduler check - current Moscow time: 05:54:06
2025-04-23 02:54:07,110 - bot - INFO - Scheduled send times (Moscow): 08:00, 12:00, 16:00, 20:00
2025-04-23 02:54:07,110 - bot - INFO - Send time 1: 08:00 - hour=8, minute=0
2025-04-23 02:54:07,110 - bot - INFO - Send time 2: 12:00 - hour=12, minute=0
2025-04-23 02:54:07,111 - bot - INFO - Send time 3: 16:00 - hour=16, minute=0
2025-04-23 02:54:07,111 - bot - INFO - Send time 4: 20:00 - hour=20, minute=0
2025-04-23 02:54:07,150 - bot - INFO - === SCHEDULER INITIALIZED ===
2025-04-23 02:54:07,150 - bot - INFO - Current Moscow time: 2025-04-23 05:54:06
2025-04-23 02:54:07,150 - bot - INFO - Configured send times: 08:00, 12:00, 16:00, 20:00
2025-04-23 02:54:07,150 - bot - INFO - Next check will be at xx:xx:00 (checking every minute)
2025-04-23 02:54:07,150 - bot - INFO - ===============================
2025-04-23 02:54:07,506 - bot - INFO - Bot commands have been set successfully
2025-04-23 02:54:07,507 - aiogram.dispatcher - INFO - Start polling
2025-04-23 02:54:07,622 - aiogram.dispatcher - INFO - Run polling for bot @AnapaProBot id=7849996561 - 'Новости Анапа Pro'
2025-04-23 02:54:11,860 - aiogram.dispatcher - ERROR - Failed to fetch updates - TelegramConflictError: Telegram server says - Conflict: terminated by other getUpdates request; make sure that only one bot instance is running
2025-04-23 02:54:11,861 - aiogram.dispatcher - WARNING - Sleep for 1.000000 seconds and try again... (tryings = 0, bot id = 7849996561)
