2025-04-23 02:08:54,657 - __main__ - INFO - === ЗАПУСК TELEGRAM БОТА ===
2025-04-23 02:08:54,657 - __main__ - INFO - Логи сохраняются в файл: logs/telegram_bot_20250423_020854.log
2025-04-23 02:08:54,657 - __main__ - INFO - Текущее системное время: 2025-04-23 02:08:54
2025-04-23 02:08:59,546 - __main__ - INFO - Запуск основной функции Telegram бота...
2025-04-23 02:08:59,561 - __main__ - INFO - Московское время (из функции): 2025-04-23 05:08:59
2025-04-23 02:08:59,562 - __main__ - INFO - UTC: 2025-04-23 02:08:59
2025-04-23 02:08:59,562 - __main__ - INFO - Москва (расчет): 2025-04-23 05:08:59
2025-04-23 02:08:59,739 - bot - INFO - Scheduled send times (Moscow): 08:00, 12:00, 16:00, 20:00
2025-04-23 02:08:59,739 - bot - INFO - Send time 1: 08:00 - hour=8, minute=0
2025-04-23 02:08:59,739 - bot - INFO - Send time 2: 12:00 - hour=12, minute=0
2025-04-23 02:08:59,740 - bot - INFO - Send time 3: 16:00 - hour=16, minute=0
2025-04-23 02:08:59,740 - bot - INFO - Send time 4: 20:00 - hour=20, minute=0
2025-04-23 02:08:59,783 - __main__ - INFO - Настроенные времена рассылки: 08:00, 12:00, 16:00, 20:00
2025-04-23 02:08:59,785 - bot - INFO - Scheduler check - current Moscow time: 05:08:59
2025-04-23 02:08:59,957 - bot - INFO - Scheduled send times (Moscow): 08:00, 12:00, 16:00, 20:00
2025-04-23 02:08:59,957 - bot - INFO - Send time 1: 08:00 - hour=8, minute=0
2025-04-23 02:08:59,958 - bot - INFO - Send time 2: 12:00 - hour=12, minute=0
2025-04-23 02:08:59,958 - bot - INFO - Send time 3: 16:00 - hour=16, minute=0
2025-04-23 02:08:59,958 - bot - INFO - Send time 4: 20:00 - hour=20, minute=0
2025-04-23 02:08:59,999 - bot - INFO - === SCHEDULER INITIALIZED ===
2025-04-23 02:09:00,000 - bot - INFO - Current Moscow time: 2025-04-23 05:08:59
2025-04-23 02:09:00,000 - bot - INFO - Configured send times: 08:00, 12:00, 16:00, 20:00
2025-04-23 02:09:00,000 - bot - INFO - Next check will be at xx:xx:00 (checking every minute)
2025-04-23 02:09:00,000 - bot - INFO - ===============================
2025-04-23 02:09:00,372 - bot - INFO - Bot commands have been set successfully
2025-04-23 02:09:00,373 - aiogram.dispatcher - INFO - Start polling
2025-04-23 02:09:00,490 - aiogram.dispatcher - INFO - Run polling for bot @AnapaProBot id=7849996561 - 'Новости Анапа Pro'
