2025-04-23 01:59:41,663 - __main__ - INFO - === ЗАПУСК TELEGRAM БОТА ===
2025-04-23 01:59:41,663 - __main__ - INFO - Логи сохраняются в файл: logs/telegram_bot_20250423_015941.log
2025-04-23 01:59:41,664 - __main__ - INFO - Текущее системное время: 2025-04-23 01:59:41
2025-04-23 01:59:46,121 - __main__ - INFO - Запуск основной функции Telegram бота...
2025-04-23 01:59:46,133 - __main__ - INFO - Московское время (из функции): 2025-04-23 04:59:46
2025-04-23 01:59:46,133 - __main__ - INFO - UTC: 2025-04-23 01:59:46
2025-04-23 01:59:46,133 - __main__ - INFO - Москва (расчет): 2025-04-23 04:59:46
2025-04-23 01:59:46,287 - bot - INFO - Scheduled send times (Moscow): 08:00, 12:00, 16:00, 20:00
2025-04-23 01:59:46,287 - bot - INFO - Send time 1: 08:00 - hour=8, minute=0
2025-04-23 01:59:46,287 - bot - INFO - Send time 2: 12:00 - hour=12, minute=0
2025-04-23 01:59:46,287 - bot - INFO - Send time 3: 16:00 - hour=16, minute=0
2025-04-23 01:59:46,288 - bot - INFO - Send time 4: 20:00 - hour=20, minute=0
2025-04-23 01:59:46,325 - __main__ - INFO - Настроенные времена рассылки: 08:00, 12:00, 16:00, 20:00
2025-04-23 01:59:46,327 - bot - INFO - Scheduler check - current Moscow time: 04:59:46
2025-04-23 01:59:46,481 - bot - INFO - Scheduled send times (Moscow): 08:00, 12:00, 16:00, 20:00
2025-04-23 01:59:46,481 - bot - INFO - Send time 1: 08:00 - hour=8, minute=0
2025-04-23 01:59:46,481 - bot - INFO - Send time 2: 12:00 - hour=12, minute=0
2025-04-23 01:59:46,482 - bot - INFO - Send time 3: 16:00 - hour=16, minute=0
2025-04-23 01:59:46,482 - bot - INFO - Send time 4: 20:00 - hour=20, minute=0
2025-04-23 01:59:46,520 - bot - INFO - === SCHEDULER INITIALIZED ===
2025-04-23 01:59:46,521 - bot - INFO - Current Moscow time: 2025-04-23 04:59:46
2025-04-23 01:59:46,521 - bot - INFO - Configured send times: 08:00, 12:00, 16:00, 20:00
2025-04-23 01:59:46,521 - bot - INFO - Next check will be at xx:xx:00 (checking every minute)
2025-04-23 01:59:46,521 - bot - INFO - ===============================
2025-04-23 01:59:46,878 - bot - INFO - Bot commands have been set successfully
2025-04-23 01:59:46,879 - aiogram.dispatcher - INFO - Start polling
2025-04-23 01:59:46,997 - aiogram.dispatcher - INFO - Run polling for bot @AnapaProBot id=7849996561 - 'Новости Анапа Pro'
2025-04-23 01:59:59,688 - aiogram.event - INFO - Update id=776002042 is handled. Duration 12572 ms by bot id=7849996561
2025-04-23 01:59:59,936 - aiogram.event - INFO - Update id=776002043 is handled. Duration 12820 ms by bot id=7849996561
2025-04-23 02:00:00,057 - aiogram.event - INFO - Update id=776002044 is handled. Duration 12941 ms by bot id=7849996561
2025-04-23 02:00:46,334 - __main__ - INFO - Московское время (из функции): 2025-04-23 05:00:46
2025-04-23 02:00:46,334 - __main__ - INFO - UTC: 2025-04-23 02:00:46
2025-04-23 02:00:46,334 - __main__ - INFO - Москва (расчет): 2025-04-23 05:00:46
2025-04-23 02:00:46,489 - bot - INFO - Scheduled send times (Moscow): 08:00, 12:00, 16:00, 20:00
2025-04-23 02:00:46,490 - bot - INFO - Send time 1: 08:00 - hour=8, minute=0
2025-04-23 02:00:46,490 - bot - INFO - Send time 2: 12:00 - hour=12, minute=0
2025-04-23 02:00:46,490 - bot - INFO - Send time 3: 16:00 - hour=16, minute=0
2025-04-23 02:00:46,490 - bot - INFO - Send time 4: 20:00 - hour=20, minute=0
2025-04-23 02:00:46,528 - __main__ - INFO - Настроенные времена рассылки: 08:00, 12:00, 16:00, 20:00
2025-04-23 02:00:46,528 - bot - INFO - Scheduler check - current Moscow time: 05:00:46
2025-04-23 02:00:46,680 - bot - INFO - Scheduled send times (Moscow): 08:00, 12:00, 16:00, 20:00
2025-04-23 02:00:46,680 - bot - INFO - Send time 1: 08:00 - hour=8, minute=0
2025-04-23 02:00:46,681 - bot - INFO - Send time 2: 12:00 - hour=12, minute=0
2025-04-23 02:00:46,681 - bot - INFO - Send time 3: 16:00 - hour=16, minute=0
2025-04-23 02:00:46,681 - bot - INFO - Send time 4: 20:00 - hour=20, minute=0
2025-04-23 02:00:46,719 - bot - INFO - Checking time: current=5:0 (300 min), target=8:0 (480 min), diff=180 min
2025-04-23 02:00:46,719 - bot - INFO - Checking time: current=5:0 (300 min), target=12:0 (720 min), diff=420 min
2025-04-23 02:00:46,720 - bot - INFO - Checking time: current=5:0 (300 min), target=16:0 (960 min), diff=660 min
2025-04-23 02:00:46,720 - bot - INFO - Checking time: current=5:0 (300 min), target=20:0 (1200 min), diff=540 min
2025-04-23 02:01:46,534 - __main__ - INFO - Московское время (из функции): 2025-04-23 05:01:46
2025-04-23 02:01:46,534 - __main__ - INFO - UTC: 2025-04-23 02:01:46
2025-04-23 02:01:46,534 - __main__ - INFO - Москва (расчет): 2025-04-23 05:01:46
2025-04-23 02:01:46,688 - bot - INFO - Scheduled send times (Moscow): 08:00, 12:00, 16:00, 20:00
2025-04-23 02:01:46,688 - bot - INFO - Send time 1: 08:00 - hour=8, minute=0
2025-04-23 02:01:46,689 - bot - INFO - Send time 2: 12:00 - hour=12, minute=0
2025-04-23 02:01:46,689 - bot - INFO - Send time 3: 16:00 - hour=16, minute=0
2025-04-23 02:01:46,689 - bot - INFO - Send time 4: 20:00 - hour=20, minute=0
2025-04-23 02:01:46,727 - __main__ - INFO - Настроенные времена рассылки: 08:00, 12:00, 16:00, 20:00
2025-04-23 02:01:46,727 - bot - INFO - Scheduler check - current Moscow time: 05:01:46
2025-04-23 02:01:46,879 - bot - INFO - Scheduled send times (Moscow): 08:00, 12:00, 16:00, 20:00
2025-04-23 02:01:46,880 - bot - INFO - Send time 1: 08:00 - hour=8, minute=0
2025-04-23 02:01:46,880 - bot - INFO - Send time 2: 12:00 - hour=12, minute=0
2025-04-23 02:01:46,880 - bot - INFO - Send time 3: 16:00 - hour=16, minute=0
2025-04-23 02:01:46,880 - bot - INFO - Send time 4: 20:00 - hour=20, minute=0
2025-04-23 02:02:46,733 - __main__ - INFO - Московское время (из функции): 2025-04-23 05:02:46
2025-04-23 02:02:46,733 - __main__ - INFO - UTC: 2025-04-23 02:02:46
2025-04-23 02:02:46,733 - __main__ - INFO - Москва (расчет): 2025-04-23 05:02:46
2025-04-23 02:02:46,895 - bot - INFO - Scheduled send times (Moscow): 08:00, 12:00, 16:00, 20:00
2025-04-23 02:02:46,895 - bot - INFO - Send time 1: 08:00 - hour=8, minute=0
2025-04-23 02:02:46,896 - bot - INFO - Send time 2: 12:00 - hour=12, minute=0
2025-04-23 02:02:46,896 - bot - INFO - Send time 3: 16:00 - hour=16, minute=0
2025-04-23 02:02:46,896 - bot - INFO - Send time 4: 20:00 - hour=20, minute=0
2025-04-23 02:02:46,935 - __main__ - INFO - Настроенные времена рассылки: 08:00, 12:00, 16:00, 20:00
2025-04-23 02:02:46,935 - bot - INFO - Scheduler check - current Moscow time: 05:02:46
2025-04-23 02:02:47,117 - bot - INFO - Scheduled send times (Moscow): 08:00, 12:00, 16:00, 20:00
2025-04-23 02:02:47,118 - bot - INFO - Send time 1: 08:00 - hour=8, minute=0
2025-04-23 02:02:47,118 - bot - INFO - Send time 2: 12:00 - hour=12, minute=0
2025-04-23 02:02:47,118 - bot - INFO - Send time 3: 16:00 - hour=16, minute=0
2025-04-23 02:02:47,118 - bot - INFO - Send time 4: 20:00 - hour=20, minute=0
2025-04-23 02:03:46,936 - __main__ - INFO - Московское время (из функции): 2025-04-23 05:03:46
2025-04-23 02:03:46,936 - __main__ - INFO - UTC: 2025-04-23 02:03:46
2025-04-23 02:03:46,936 - __main__ - INFO - Москва (расчет): 2025-04-23 05:03:46
2025-04-23 02:03:47,102 - bot - INFO - Scheduled send times (Moscow): 08:00, 12:00, 16:00, 20:00
2025-04-23 02:03:47,102 - bot - INFO - Send time 1: 08:00 - hour=8, minute=0
2025-04-23 02:03:47,102 - bot - INFO - Send time 2: 12:00 - hour=12, minute=0
2025-04-23 02:03:47,102 - bot - INFO - Send time 3: 16:00 - hour=16, minute=0
2025-04-23 02:03:47,102 - bot - INFO - Send time 4: 20:00 - hour=20, minute=0
2025-04-23 02:03:47,141 - __main__ - INFO - Настроенные времена рассылки: 08:00, 12:00, 16:00, 20:00
2025-04-23 02:03:47,160 - bot - INFO - Scheduler check - current Moscow time: 05:03:47
2025-04-23 02:03:47,316 - bot - INFO - Scheduled send times (Moscow): 08:00, 12:00, 16:00, 20:00
2025-04-23 02:03:47,316 - bot - INFO - Send time 1: 08:00 - hour=8, minute=0
2025-04-23 02:03:47,316 - bot - INFO - Send time 2: 12:00 - hour=12, minute=0
2025-04-23 02:03:47,316 - bot - INFO - Send time 3: 16:00 - hour=16, minute=0
2025-04-23 02:03:47,317 - bot - INFO - Send time 4: 20:00 - hour=20, minute=0
2025-04-23 02:04:47,145 - __main__ - INFO - Московское время (из функции): 2025-04-23 05:04:47
2025-04-23 02:04:47,145 - __main__ - INFO - UTC: 2025-04-23 02:04:47
2025-04-23 02:04:47,145 - __main__ - INFO - Москва (расчет): 2025-04-23 05:04:47
2025-04-23 02:04:47,547 - bot - INFO - Scheduled send times (Moscow): 08:00, 12:00, 16:00, 20:00
2025-04-23 02:04:47,547 - bot - INFO - Send time 1: 08:00 - hour=8, minute=0
2025-04-23 02:04:47,547 - bot - INFO - Send time 2: 12:00 - hour=12, minute=0
2025-04-23 02:04:47,547 - bot - INFO - Send time 3: 16:00 - hour=16, minute=0
2025-04-23 02:04:47,547 - bot - INFO - Send time 4: 20:00 - hour=20, minute=0
2025-04-23 02:04:47,589 - __main__ - INFO - Настроенные времена рассылки: 08:00, 12:00, 16:00, 20:00
2025-04-23 02:04:47,589 - bot - INFO - Scheduler check - current Moscow time: 05:04:47
2025-04-23 02:04:47,758 - bot - INFO - Scheduled send times (Moscow): 08:00, 12:00, 16:00, 20:00
2025-04-23 02:04:47,758 - bot - INFO - Send time 1: 08:00 - hour=8, minute=0
2025-04-23 02:04:47,758 - bot - INFO - Send time 2: 12:00 - hour=12, minute=0
2025-04-23 02:04:47,758 - bot - INFO - Send time 3: 16:00 - hour=16, minute=0
2025-04-23 02:04:47,758 - bot - INFO - Send time 4: 20:00 - hour=20, minute=0
2025-04-23 02:05:47,594 - __main__ - INFO - Московское время (из функции): 2025-04-23 05:05:47
2025-04-23 02:05:47,594 - __main__ - INFO - UTC: 2025-04-23 02:05:47
2025-04-23 02:05:47,594 - __main__ - INFO - Москва (расчет): 2025-04-23 05:05:47
2025-04-23 02:05:47,759 - bot - INFO - Scheduled send times (Moscow): 08:00, 12:00, 16:00, 20:00
2025-04-23 02:05:47,760 - bot - INFO - Send time 1: 08:00 - hour=8, minute=0
2025-04-23 02:05:47,760 - bot - INFO - Send time 2: 12:00 - hour=12, minute=0
2025-04-23 02:05:47,760 - bot - INFO - Send time 3: 16:00 - hour=16, minute=0
2025-04-23 02:05:47,760 - bot - INFO - Send time 4: 20:00 - hour=20, minute=0
2025-04-23 02:05:47,803 - __main__ - INFO - Настроенные времена рассылки: 08:00, 12:00, 16:00, 20:00
2025-04-23 02:05:47,803 - bot - INFO - Scheduler check - current Moscow time: 05:05:47
2025-04-23 02:05:47,974 - bot - INFO - Scheduled send times (Moscow): 08:00, 12:00, 16:00, 20:00
2025-04-23 02:05:47,974 - bot - INFO - Send time 1: 08:00 - hour=8, minute=0
2025-04-23 02:05:47,974 - bot - INFO - Send time 2: 12:00 - hour=12, minute=0
2025-04-23 02:05:47,974 - bot - INFO - Send time 3: 16:00 - hour=16, minute=0
2025-04-23 02:05:47,974 - bot - INFO - Send time 4: 20:00 - hour=20, minute=0
2025-04-23 02:06:47,807 - __main__ - INFO - Московское время (из функции): 2025-04-23 05:06:47
2025-04-23 02:06:47,814 - __main__ - INFO - UTC: 2025-04-23 02:06:47
2025-04-23 02:06:47,814 - __main__ - INFO - Москва (расчет): 2025-04-23 05:06:47
2025-04-23 02:06:47,994 - bot - INFO - Scheduled send times (Moscow): 08:00, 12:00, 16:00, 20:00
2025-04-23 02:06:47,994 - bot - INFO - Send time 1: 08:00 - hour=8, minute=0
2025-04-23 02:06:47,994 - bot - INFO - Send time 2: 12:00 - hour=12, minute=0
2025-04-23 02:06:47,995 - bot - INFO - Send time 3: 16:00 - hour=16, minute=0
2025-04-23 02:06:47,995 - bot - INFO - Send time 4: 20:00 - hour=20, minute=0
2025-04-23 02:06:48,040 - __main__ - INFO - Настроенные времена рассылки: 08:00, 12:00, 16:00, 20:00
2025-04-23 02:06:48,040 - bot - INFO - Scheduler check - current Moscow time: 05:06:48
2025-04-23 02:06:48,219 - bot - INFO - Scheduled send times (Moscow): 08:00, 12:00, 16:00, 20:00
2025-04-23 02:06:48,219 - bot - INFO - Send time 1: 08:00 - hour=8, minute=0
2025-04-23 02:06:48,219 - bot - INFO - Send time 2: 12:00 - hour=12, minute=0
2025-04-23 02:06:48,219 - bot - INFO - Send time 3: 16:00 - hour=16, minute=0
2025-04-23 02:06:48,219 - bot - INFO - Send time 4: 20:00 - hour=20, minute=0
2025-04-23 02:07:48,042 - __main__ - INFO - Московское время (из функции): 2025-04-23 05:07:48
2025-04-23 02:07:48,042 - __main__ - INFO - UTC: 2025-04-23 02:07:48
2025-04-23 02:07:48,042 - __main__ - INFO - Москва (расчет): 2025-04-23 05:07:48
2025-04-23 02:07:48,214 - bot - INFO - Scheduled send times (Moscow): 08:00, 12:00, 16:00, 20:00
2025-04-23 02:07:48,214 - bot - INFO - Send time 1: 08:00 - hour=8, minute=0
2025-04-23 02:07:48,214 - bot - INFO - Send time 2: 12:00 - hour=12, minute=0
2025-04-23 02:07:48,214 - bot - INFO - Send time 3: 16:00 - hour=16, minute=0
2025-04-23 02:07:48,214 - bot - INFO - Send time 4: 20:00 - hour=20, minute=0
2025-04-23 02:07:48,259 - __main__ - INFO - Настроенные времена рассылки: 08:00, 12:00, 16:00, 20:00
2025-04-23 02:07:48,261 - bot - INFO - Scheduler check - current Moscow time: 05:07:48
2025-04-23 02:07:48,440 - bot - INFO - Scheduled send times (Moscow): 08:00, 12:00, 16:00, 20:00
2025-04-23 02:07:48,440 - bot - INFO - Send time 1: 08:00 - hour=8, minute=0
2025-04-23 02:07:48,440 - bot - INFO - Send time 2: 12:00 - hour=12, minute=0
2025-04-23 02:07:48,440 - bot - INFO - Send time 3: 16:00 - hour=16, minute=0
2025-04-23 02:07:48,440 - bot - INFO - Send time 4: 20:00 - hour=20, minute=0
2025-04-23 02:08:48,262 - __main__ - INFO - Московское время (из функции): 2025-04-23 05:08:48
2025-04-23 02:08:48,262 - __main__ - INFO - UTC: 2025-04-23 02:08:48
2025-04-23 02:08:48,262 - __main__ - INFO - Москва (расчет): 2025-04-23 05:08:48
2025-04-23 02:08:48,450 - bot - INFO - Scheduled send times (Moscow): 08:00, 12:00, 16:00, 20:00
2025-04-23 02:08:48,450 - bot - INFO - Send time 1: 08:00 - hour=8, minute=0
2025-04-23 02:08:48,450 - bot - INFO - Send time 2: 12:00 - hour=12, minute=0
2025-04-23 02:08:48,450 - bot - INFO - Send time 3: 16:00 - hour=16, minute=0
2025-04-23 02:08:48,450 - bot - INFO - Send time 4: 20:00 - hour=20, minute=0
2025-04-23 02:08:48,493 - __main__ - INFO - Настроенные времена рассылки: 08:00, 12:00, 16:00, 20:00
2025-04-23 02:08:48,509 - bot - INFO - Scheduler check - current Moscow time: 05:08:48
2025-04-23 02:08:48,686 - bot - INFO - Scheduled send times (Moscow): 08:00, 12:00, 16:00, 20:00
2025-04-23 02:08:48,686 - bot - INFO - Send time 1: 08:00 - hour=8, minute=0
2025-04-23 02:08:48,687 - bot - INFO - Send time 2: 12:00 - hour=12, minute=0
2025-04-23 02:08:48,687 - bot - INFO - Send time 3: 16:00 - hour=16, minute=0
2025-04-23 02:08:48,687 - bot - INFO - Send time 4: 20:00 - hour=20, minute=0
2025-04-23 02:09:00,605 - aiogram.dispatcher - ERROR - Failed to fetch updates - TelegramConflictError: Telegram server says - Conflict: terminated by other getUpdates request; make sure that only one bot instance is running
2025-04-23 02:09:00,606 - aiogram.dispatcher - WARNING - Sleep for 1.000000 seconds and try again... (tryings = 0, bot id = 7849996561)
2025-04-23 02:09:11,722 - aiogram.dispatcher - INFO - Connection established (tryings = 1, bot id = 7849996561)
2025-04-23 02:09:48,501 - __main__ - INFO - Московское время (из функции): 2025-04-23 05:09:48
2025-04-23 02:09:48,501 - __main__ - INFO - UTC: 2025-04-23 02:09:48
2025-04-23 02:09:48,501 - __main__ - INFO - Москва (расчет): 2025-04-23 05:09:48
2025-04-23 02:09:48,906 - bot - INFO - Scheduled send times (Moscow): 08:00, 12:00, 16:00, 20:00
2025-04-23 02:09:48,906 - bot - INFO - Send time 1: 08:00 - hour=8, minute=0
2025-04-23 02:09:48,906 - bot - INFO - Send time 2: 12:00 - hour=12, minute=0
2025-04-23 02:09:48,907 - bot - INFO - Send time 3: 16:00 - hour=16, minute=0
2025-04-23 02:09:48,907 - bot - INFO - Send time 4: 20:00 - hour=20, minute=0
2025-04-23 02:09:48,949 - __main__ - INFO - Настроенные времена рассылки: 08:00, 12:00, 16:00, 20:00
2025-04-23 02:09:48,949 - bot - INFO - Scheduler check - current Moscow time: 05:09:48
2025-04-23 02:09:49,118 - bot - INFO - Scheduled send times (Moscow): 08:00, 12:00, 16:00, 20:00
2025-04-23 02:09:49,118 - bot - INFO - Send time 1: 08:00 - hour=8, minute=0
2025-04-23 02:09:49,118 - bot - INFO - Send time 2: 12:00 - hour=12, minute=0
2025-04-23 02:09:49,118 - bot - INFO - Send time 3: 16:00 - hour=16, minute=0
2025-04-23 02:09:49,118 - bot - INFO - Send time 4: 20:00 - hour=20, minute=0
2025-04-23 02:10:24,831 - aiogram.event - INFO - Update id=776002045 is handled. Duration 4885 ms by bot id=7849996561
2025-04-23 02:10:35,211 - aiogram.event - INFO - Update id=776002046 is handled. Duration 4618 ms by bot id=7849996561
