2025-04-23 20:11:48,929 - __main__ - INFO - === ЗАПУСК TELEGRAM БОТА ===
2025-04-23 20:11:48,929 - __main__ - INFO - Логи сохраняются в файл: logs/telegram_bot_20250423_201148.log
2025-04-23 20:11:48,929 - __main__ - INFO - Текущее системное время: 2025-04-23 20:11:48
2025-04-23 20:11:55,151 - __main__ - INFO - Запуск основной функции Telegram бота...
2025-04-23 20:11:55,398 - __main__ - INFO - Московское время (из функции): 2025-04-23 23:11:55
2025-04-23 20:11:55,398 - __main__ - INFO - UTC: 2025-04-23 20:11:55
2025-04-23 20:11:55,399 - __main__ - INFO - Москва (расчет): 2025-04-23 23:11:55
2025-04-23 20:11:55,603 - bot - INFO - Scheduled send times (Moscow): 08:00, 12:00, 16:00, 20:00
2025-04-23 20:11:55,603 - bot - INFO - Send time 1: 08:00 - hour=8, minute=0
2025-04-23 20:11:55,603 - bot - INFO - Send time 2: 12:00 - hour=12, minute=0
2025-04-23 20:11:55,603 - bot - INFO - Send time 3: 16:00 - hour=16, minute=0
2025-04-23 20:11:55,603 - bot - INFO - Send time 4: 20:00 - hour=20, minute=0
2025-04-23 20:11:55,645 - __main__ - INFO - Настроенные времена рассылки: 08:00, 12:00, 16:00, 20:00
2025-04-23 20:11:55,647 - bot - INFO - Scheduler check - current Moscow time: 23:11:55
2025-04-23 20:11:55,815 - bot - INFO - Scheduled send times (Moscow): 08:00, 12:00, 16:00, 20:00
2025-04-23 20:11:55,815 - bot - INFO - Send time 1: 08:00 - hour=8, minute=0
2025-04-23 20:11:55,815 - bot - INFO - Send time 2: 12:00 - hour=12, minute=0
2025-04-23 20:11:55,815 - bot - INFO - Send time 3: 16:00 - hour=16, minute=0
2025-04-23 20:11:55,815 - bot - INFO - Send time 4: 20:00 - hour=20, minute=0
2025-04-23 20:11:55,857 - bot - INFO - === SCHEDULER INITIALIZED ===
2025-04-23 20:11:55,858 - bot - INFO - Current Moscow time: 2025-04-23 23:11:55
2025-04-23 20:11:55,858 - bot - INFO - Configured send times: 08:00, 12:00, 16:00, 20:00
2025-04-23 20:11:55,858 - bot - INFO - Next check will be at xx:xx:00 (checking every minute)
2025-04-23 20:11:55,858 - bot - INFO - ===============================
2025-04-23 20:11:56,327 - bot - INFO - Bot commands have been set successfully
2025-04-23 20:11:56,328 - aiogram.dispatcher - INFO - Start polling
2025-04-23 20:11:56,453 - aiogram.dispatcher - INFO - Run polling for bot @AnapaProBot id=7849996561 - 'Новости Анапа Pro'
2025-04-23 20:11:57,899 - aiogram.event - INFO - Update id=776002120 is handled. Duration 1318 ms by bot id=7849996561
2025-04-23 20:12:44,805 - utils - WARNING - No entries found in feed https://kuban24.tv/rss
2025-04-23 20:12:54,168 - aiogram.event - INFO - Update id=776002121 is handled. Duration 15456 ms by bot id=7849996561
2025-04-23 20:12:55,648 - __main__ - INFO - Московское время (из функции): 2025-04-23 23:12:55
2025-04-23 20:12:55,648 - __main__ - INFO - UTC: 2025-04-23 20:12:55
2025-04-23 20:12:55,648 - __main__ - INFO - Москва (расчет): 2025-04-23 23:12:55
2025-04-23 20:12:55,816 - bot - INFO - Scheduled send times (Moscow): 08:00, 12:00, 16:00, 20:00
2025-04-23 20:12:55,816 - bot - INFO - Send time 1: 08:00 - hour=8, minute=0
2025-04-23 20:12:55,816 - bot - INFO - Send time 2: 12:00 - hour=12, minute=0
2025-04-23 20:12:55,816 - bot - INFO - Send time 3: 16:00 - hour=16, minute=0
2025-04-23 20:12:55,816 - bot - INFO - Send time 4: 20:00 - hour=20, minute=0
2025-04-23 20:12:55,858 - __main__ - INFO - Настроенные времена рассылки: 08:00, 12:00, 16:00, 20:00
2025-04-23 20:12:55,858 - bot - INFO - Scheduler check - current Moscow time: 23:12:55
2025-04-23 20:12:56,027 - bot - INFO - Scheduled send times (Moscow): 08:00, 12:00, 16:00, 20:00
2025-04-23 20:12:56,028 - bot - INFO - Send time 1: 08:00 - hour=8, minute=0
2025-04-23 20:12:56,028 - bot - INFO - Send time 2: 12:00 - hour=12, minute=0
2025-04-23 20:12:56,028 - bot - INFO - Send time 3: 16:00 - hour=16, minute=0
2025-04-23 20:12:56,028 - bot - INFO - Send time 4: 20:00 - hour=20, minute=0
2025-04-23 20:13:55,860 - __main__ - INFO - Московское время (из функции): 2025-04-23 23:13:55
2025-04-23 20:13:55,860 - __main__ - INFO - UTC: 2025-04-23 20:13:55
2025-04-23 20:13:55,860 - __main__ - INFO - Москва (расчет): 2025-04-23 23:13:55
2025-04-23 20:13:56,031 - bot - INFO - Scheduled send times (Moscow): 08:00, 12:00, 16:00, 20:00
2025-04-23 20:13:56,031 - bot - INFO - Send time 1: 08:00 - hour=8, minute=0
2025-04-23 20:13:56,031 - bot - INFO - Send time 2: 12:00 - hour=12, minute=0
2025-04-23 20:13:56,031 - bot - INFO - Send time 3: 16:00 - hour=16, minute=0
2025-04-23 20:13:56,031 - bot - INFO - Send time 4: 20:00 - hour=20, minute=0
2025-04-23 20:13:56,073 - __main__ - INFO - Настроенные времена рассылки: 08:00, 12:00, 16:00, 20:00
2025-04-23 20:13:56,074 - bot - INFO - Scheduler check - current Moscow time: 23:13:56
2025-04-23 20:13:56,242 - bot - INFO - Scheduled send times (Moscow): 08:00, 12:00, 16:00, 20:00
2025-04-23 20:13:56,242 - bot - INFO - Send time 1: 08:00 - hour=8, minute=0
2025-04-23 20:13:56,242 - bot - INFO - Send time 2: 12:00 - hour=12, minute=0
2025-04-23 20:13:56,242 - bot - INFO - Send time 3: 16:00 - hour=16, minute=0
2025-04-23 20:13:56,242 - bot - INFO - Send time 4: 20:00 - hour=20, minute=0
2025-04-23 20:14:56,076 - __main__ - INFO - Московское время (из функции): 2025-04-23 23:14:56
2025-04-23 20:14:56,076 - __main__ - INFO - UTC: 2025-04-23 20:14:56
2025-04-23 20:14:56,076 - __main__ - INFO - Москва (расчет): 2025-04-23 23:14:56
2025-04-23 20:14:56,245 - bot - INFO - Scheduled send times (Moscow): 08:00, 12:00, 16:00, 20:00
2025-04-23 20:14:56,245 - bot - INFO - Send time 1: 08:00 - hour=8, minute=0
2025-04-23 20:14:56,245 - bot - INFO - Send time 2: 12:00 - hour=12, minute=0
2025-04-23 20:14:56,245 - bot - INFO - Send time 3: 16:00 - hour=16, minute=0
2025-04-23 20:14:56,245 - bot - INFO - Send time 4: 20:00 - hour=20, minute=0
2025-04-23 20:14:56,287 - __main__ - INFO - Настроенные времена рассылки: 08:00, 12:00, 16:00, 20:00
2025-04-23 20:14:56,288 - bot - INFO - Scheduler check - current Moscow time: 23:14:56
2025-04-23 20:14:56,456 - bot - INFO - Scheduled send times (Moscow): 08:00, 12:00, 16:00, 20:00
2025-04-23 20:14:56,456 - bot - INFO - Send time 1: 08:00 - hour=8, minute=0
2025-04-23 20:14:56,456 - bot - INFO - Send time 2: 12:00 - hour=12, minute=0
2025-04-23 20:14:56,456 - bot - INFO - Send time 3: 16:00 - hour=16, minute=0
2025-04-23 20:14:56,456 - bot - INFO - Send time 4: 20:00 - hour=20, minute=0
2025-04-23 20:15:43,100 - aiogram.dispatcher - WARNING - Received SIGTERM signal
2025-04-23 20:15:43,100 - aiogram.dispatcher - INFO - Polling stopped for bot @AnapaProBot id=7849996561 - 'Новости Анапа Pro'
2025-04-23 20:15:43,101 - aiogram.dispatcher - INFO - Polling stopped
